<?xml version="1.0" encoding="UTF-8"?>
<!-- Generated by org.testng.reporters.JUnitReportReporter -->
<testsuite hostname="hp" failures="0" tests="1" name="Test_Classes.Test_1" time="14.323" errors="0" timestamp="2023-02-22T18:37:44 IST" skipped="0">
  <testcase classname="Test_Classes.Test_1" name="verifyusername123" time="14.323"/>
  <system-out/>
</testsuite> <!-- Test_Classes.Test_1 -->
